1.0837 	ERROR 	avbin.dll failed to load. Try importing psychopy.visual
  as the first library (before anything that uses scipy)
  and make sure that avbin is installed.
3.8132 	EXP 	Created window1 = Window(allowGUI=False, allowStencil=False, autoLog=True, bitsMode=UNKNOWN, blendMode='avg', color=array([ 0.,  0.,  0.]), colorSpace='rgb', fullscr=UNKNOWN, gamma=None, lms=UNKNOWN, monitor=<psychopy.monitors.calibTools.Monitor object at 0x1582F0D0>, multiSample=False, name='window1', numSamples=2, pos=[0, 0], screen=0, size=array([1600, 1200]), stereo=False, units=u'norm', useFBO=True, useRetina=False, viewOri=0.0, viewPos=None, viewScale=None, waitBlanking=True, winType='pyglet')
3.8132 	EXP 	window1: recordFrameIntervals = False
3.9794 	EXP 	window1: recordFrameIntervals = True
4.1629 	EXP 	window1: recordFrameIntervals = False
4.3346 	EXP 	Created intro_text = TextStim(alignHoriz='center', alignVert='center', antialias=True, autoLog=True, bold=False, color='white', colorSpace='named', contrast=1.0, depth=0.0, flipHoriz=False, flipVert=False, font='Arial', fontFiles=[], height=0.1, italic=False, name='intro_text', opacity=1.0, ori=0, pos=array([ 0.,  0.]), rgb=array([ 255.,  255.,  255.]), text=unicode(...), units=u'norm', win=Window(...), wrapWidth=1)
4.3449 	EXP 	Created text_2 = TextStim(alignHoriz='center', alignVert='center', antialias=True, autoLog=True, bold=False, color='white', colorSpace='named', contrast=1.0, depth=-1.0, flipHoriz=False, flipVert=False, font='Arial', fontFiles=[], height=0.1, italic=False, name='text_2', opacity=1.0, ori=0, pos=array([ 0.,  0.]), rgb=array([ 255.,  255.,  255.]), text=u'default text', units=u'norm', win=Window(...), wrapWidth=1)
4.3582 	EXP 	Created text = TextStim(alignHoriz='center', alignVert='center', antialias=True, autoLog=True, bold=False, color='white', colorSpace='named', contrast=1.0, depth=0.0, flipHoriz=False, flipVert=False, font='Arial', fontFiles=[], height=0.1, italic=False, name='text', opacity=1.0, ori=0, pos=array([ 0.,  0.]), rgb=array([ 255.,  255.,  255.]), text=u'End of experiment', units=u'norm', win=Window(...), wrapWidth=1)
4.3591 	EXP 	window1: blendMode = 'avg'
4.3626 	EXP 	intro_text: autoDraw = True
4.3631 	EXP 	window1: blendMode = 'avg'
4.3796 	EXP 	window1: blendMode = 'avg'
4.3962 	EXP 	window1: blendMode = 'avg'
4.4129 	EXP 	window1: blendMode = 'avg'
4.4296 	EXP 	window1: blendMode = 'avg'
4.4462 	EXP 	window1: blendMode = 'avg'
4.4629 	EXP 	window1: blendMode = 'avg'
4.4796 	EXP 	window1: blendMode = 'avg'
4.4962 	EXP 	window1: blendMode = 'avg'
4.5129 	EXP 	window1: blendMode = 'avg'
4.5296 	EXP 	window1: blendMode = 'avg'
4.5462 	EXP 	window1: blendMode = 'avg'
4.5629 	EXP 	window1: blendMode = 'avg'
4.5796 	EXP 	window1: blendMode = 'avg'
4.5962 	EXP 	window1: blendMode = 'avg'
4.6129 	EXP 	window1: blendMode = 'avg'
4.6295 	EXP 	window1: blendMode = 'avg'
4.6462 	EXP 	window1: blendMode = 'avg'
4.6629 	EXP 	window1: blendMode = 'avg'
4.6795 	EXP 	window1: blendMode = 'avg'
4.6963 	EXP 	window1: blendMode = 'avg'
4.7130 	EXP 	window1: blendMode = 'avg'
4.7296 	EXP 	window1: blendMode = 'avg'
4.7463 	EXP 	window1: blendMode = 'avg'
4.7629 	EXP 	window1: blendMode = 'avg'
4.7796 	EXP 	window1: blendMode = 'avg'
4.7963 	EXP 	window1: blendMode = 'avg'
4.8129 	EXP 	window1: blendMode = 'avg'
4.8298 	EXP 	window1: blendMode = 'avg'
4.8463 	EXP 	window1: blendMode = 'avg'
4.8632 	EXP 	window1: blendMode = 'avg'
4.8798 	EXP 	window1: blendMode = 'avg'
4.8964 	EXP 	window1: blendMode = 'avg'
4.9130 	EXP 	window1: blendMode = 'avg'
4.9296 	EXP 	window1: blendMode = 'avg'
4.9462 	EXP 	window1: blendMode = 'avg'
4.9629 	EXP 	window1: blendMode = 'avg'
4.9795 	EXP 	window1: blendMode = 'avg'
4.9962 	EXP 	window1: blendMode = 'avg'
5.0129 	EXP 	window1: blendMode = 'avg'
5.0296 	EXP 	window1: blendMode = 'avg'
5.0462 	EXP 	window1: blendMode = 'avg'
5.0629 	EXP 	window1: blendMode = 'avg'
5.0796 	EXP 	window1: blendMode = 'avg'
5.0962 	EXP 	window1: blendMode = 'avg'
5.1129 	EXP 	window1: blendMode = 'avg'
5.1296 	EXP 	window1: blendMode = 'avg'
5.1465 	EXP 	window1: blendMode = 'avg'
5.1629 	EXP 	window1: blendMode = 'avg'
5.1796 	EXP 	window1: blendMode = 'avg'
5.1962 	EXP 	window1: blendMode = 'avg'
5.2129 	EXP 	window1: blendMode = 'avg'
5.2296 	EXP 	window1: blendMode = 'avg'
5.2462 	EXP 	window1: blendMode = 'avg'
5.2629 	EXP 	window1: blendMode = 'avg'
5.2796 	EXP 	window1: blendMode = 'avg'
5.2962 	EXP 	window1: blendMode = 'avg'
5.3129 	EXP 	window1: blendMode = 'avg'
5.3297 	EXP 	window1: blendMode = 'avg'
5.3463 	EXP 	window1: blendMode = 'avg'
5.3630 	EXP 	window1: blendMode = 'avg'
5.3796 	EXP 	window1: blendMode = 'avg'
5.3963 	EXP 	window1: blendMode = 'avg'
5.4129 	EXP 	window1: blendMode = 'avg'
5.4296 	EXP 	window1: blendMode = 'avg'
5.4463 	EXP 	window1: blendMode = 'avg'
5.4630 	EXP 	window1: blendMode = 'avg'
5.4796 	EXP 	window1: blendMode = 'avg'
5.4964 	EXP 	window1: blendMode = 'avg'
5.5131 	EXP 	window1: blendMode = 'avg'
5.5297 	EXP 	window1: blendMode = 'avg'
5.5464 	EXP 	window1: blendMode = 'avg'
5.5631 	EXP 	window1: blendMode = 'avg'
5.5799 	EXP 	window1: blendMode = 'avg'
5.5965 	EXP 	window1: blendMode = 'avg'
5.6131 	EXP 	window1: blendMode = 'avg'
5.6298 	EXP 	window1: blendMode = 'avg'
5.6463 	EXP 	window1: blendMode = 'avg'
5.6630 	EXP 	window1: blendMode = 'avg'
5.6798 	EXP 	window1: blendMode = 'avg'
5.6964 	EXP 	window1: blendMode = 'avg'
5.7131 	EXP 	window1: blendMode = 'avg'
5.7298 	EXP 	window1: blendMode = 'avg'
5.7465 	EXP 	window1: blendMode = 'avg'
5.7631 	EXP 	window1: blendMode = 'avg'
5.7797 	EXP 	window1: blendMode = 'avg'
5.7963 	EXP 	window1: blendMode = 'avg'
5.8130 	EXP 	window1: blendMode = 'avg'
5.8298 	EXP 	window1: blendMode = 'avg'
5.8463 	EXP 	window1: blendMode = 'avg'
5.8630 	EXP 	window1: blendMode = 'avg'
5.8797 	EXP 	window1: blendMode = 'avg'
5.8963 	EXP 	window1: blendMode = 'avg'
5.9129 	EXP 	window1: blendMode = 'avg'
5.9295 	EXP 	window1: blendMode = 'avg'
5.9463 	EXP 	window1: blendMode = 'avg'
5.9629 	EXP 	window1: blendMode = 'avg'
5.9796 	EXP 	window1: blendMode = 'avg'
5.9963 	EXP 	window1: blendMode = 'avg'
6.0129 	EXP 	window1: blendMode = 'avg'
6.0296 	EXP 	window1: blendMode = 'avg'
6.0463 	EXP 	window1: blendMode = 'avg'
6.0629 	EXP 	window1: blendMode = 'avg'
6.0797 	EXP 	window1: blendMode = 'avg'
6.0963 	EXP 	window1: blendMode = 'avg'
6.1129 	EXP 	window1: blendMode = 'avg'
6.1296 	EXP 	window1: blendMode = 'avg'
6.1464 	DATA 	Keypress: space
6.1544 	EXP 	Imported numbers.xlsx as conditions, 6 conditions, 2 params
6.1547 	EXP 	Created sequence: random, trialTypes=6, nReps=1, seed=None
6.1550 	EXP 	New trial (rep=0, index=0): {'number_two': 23, 'number_one': 7}
6.1644 	EXP 	window1: blendMode = 'avg'
6.1794 	EXP 	intro_text: autoDraw = False
6.1794 	EXP 	text_2: text = '7+23=30'
6.1794 	EXP 	text_2: autoDraw = True
6.1796 	EXP 	window1: blendMode = 'avg'
6.1963 	EXP 	window1: blendMode = 'avg'
6.2130 	EXP 	window1: blendMode = 'avg'
6.2296 	EXP 	window1: blendMode = 'avg'
6.2463 	EXP 	window1: blendMode = 'avg'
6.2630 	EXP 	window1: blendMode = 'avg'
6.2796 	EXP 	window1: blendMode = 'avg'
6.2963 	EXP 	window1: blendMode = 'avg'
6.3129 	EXP 	window1: blendMode = 'avg'
6.3296 	EXP 	window1: blendMode = 'avg'
6.3463 	EXP 	window1: blendMode = 'avg'
6.3630 	EXP 	window1: blendMode = 'avg'
6.3796 	EXP 	window1: blendMode = 'avg'
6.3962 	EXP 	window1: blendMode = 'avg'
6.4129 	EXP 	window1: blendMode = 'avg'
6.4296 	EXP 	window1: blendMode = 'avg'
6.4463 	EXP 	window1: blendMode = 'avg'
6.4629 	EXP 	window1: blendMode = 'avg'
6.4796 	EXP 	window1: blendMode = 'avg'
6.4963 	EXP 	window1: blendMode = 'avg'
6.5129 	EXP 	window1: blendMode = 'avg'
6.5296 	EXP 	window1: blendMode = 'avg'
6.5462 	EXP 	window1: blendMode = 'avg'
6.5629 	EXP 	window1: blendMode = 'avg'
6.5796 	EXP 	window1: blendMode = 'avg'
6.5962 	EXP 	window1: blendMode = 'avg'
6.6129 	EXP 	window1: blendMode = 'avg'
6.6296 	EXP 	window1: blendMode = 'avg'
6.6463 	EXP 	window1: blendMode = 'avg'
6.6629 	EXP 	window1: blendMode = 'avg'
6.6796 	EXP 	window1: blendMode = 'avg'
6.6963 	EXP 	window1: blendMode = 'avg'
6.7130 	EXP 	window1: blendMode = 'avg'
6.7296 	EXP 	window1: blendMode = 'avg'
6.7462 	EXP 	window1: blendMode = 'avg'
6.7629 	EXP 	window1: blendMode = 'avg'
6.7796 	EXP 	window1: blendMode = 'avg'
6.7962 	EXP 	window1: blendMode = 'avg'
6.8130 	EXP 	window1: blendMode = 'avg'
6.8297 	EXP 	window1: blendMode = 'avg'
6.8463 	EXP 	window1: blendMode = 'avg'
6.8629 	EXP 	window1: blendMode = 'avg'
6.8796 	EXP 	window1: blendMode = 'avg'
6.8962 	EXP 	window1: blendMode = 'avg'
6.9129 	EXP 	window1: blendMode = 'avg'
6.9296 	EXP 	window1: blendMode = 'avg'
6.9463 	EXP 	window1: blendMode = 'avg'
6.9629 	EXP 	window1: blendMode = 'avg'
6.9795 	EXP 	window1: blendMode = 'avg'
6.9962 	EXP 	window1: blendMode = 'avg'
7.0129 	EXP 	window1: blendMode = 'avg'
7.0296 	EXP 	window1: blendMode = 'avg'
7.0463 	EXP 	window1: blendMode = 'avg'
7.0630 	EXP 	window1: blendMode = 'avg'
7.0796 	EXP 	window1: blendMode = 'avg'
7.0963 	EXP 	window1: blendMode = 'avg'
7.1130 	EXP 	window1: blendMode = 'avg'
7.1296 	EXP 	window1: blendMode = 'avg'
7.1463 	EXP 	window1: blendMode = 'avg'
7.1629 	EXP 	window1: blendMode = 'avg'
7.1796 	EXP 	window1: blendMode = 'avg'
7.1963 	EXP 	window1: blendMode = 'avg'
7.2129 	EXP 	window1: blendMode = 'avg'
7.2296 	EXP 	window1: blendMode = 'avg'
7.2462 	EXP 	window1: blendMode = 'avg'
7.2629 	EXP 	window1: blendMode = 'avg'
7.2796 	EXP 	window1: blendMode = 'avg'
7.2962 	EXP 	window1: blendMode = 'avg'
7.3129 	EXP 	window1: blendMode = 'avg'
7.3296 	EXP 	window1: blendMode = 'avg'
7.3462 	EXP 	window1: blendMode = 'avg'
7.3629 	DATA 	Keypress: space
7.3632 	EXP 	New trial (rep=0, index=1): {'number_two': 2, 'number_one': 4}
7.3697 	EXP 	window1: blendMode = 'avg'
7.3794 	EXP 	text_2: autoDraw = False
7.3794 	EXP 	text_2: text = '4+2=6'
7.3794 	EXP 	text_2: autoDraw = True
7.3796 	EXP 	window1: blendMode = 'avg'
7.3962 	EXP 	window1: blendMode = 'avg'
7.4129 	EXP 	window1: blendMode = 'avg'
7.4296 	EXP 	window1: blendMode = 'avg'
7.4462 	EXP 	window1: blendMode = 'avg'
7.4630 	EXP 	window1: blendMode = 'avg'
7.4796 	EXP 	window1: blendMode = 'avg'
7.4962 	EXP 	window1: blendMode = 'avg'
7.5129 	EXP 	window1: blendMode = 'avg'
7.5301 	EXP 	window1: blendMode = 'avg'
7.5462 	EXP 	window1: blendMode = 'avg'
7.5629 	EXP 	window1: blendMode = 'avg'
7.5795 	EXP 	window1: blendMode = 'avg'
7.5962 	EXP 	window1: blendMode = 'avg'
7.6129 	EXP 	window1: blendMode = 'avg'
7.6296 	EXP 	window1: blendMode = 'avg'
7.6462 	EXP 	window1: blendMode = 'avg'
7.6629 	EXP 	window1: blendMode = 'avg'
7.6796 	EXP 	window1: blendMode = 'avg'
7.6962 	EXP 	window1: blendMode = 'avg'
7.7129 	EXP 	window1: blendMode = 'avg'
7.7296 	EXP 	window1: blendMode = 'avg'
7.7462 	EXP 	window1: blendMode = 'avg'
7.7629 	EXP 	window1: blendMode = 'avg'
7.7796 	EXP 	window1: blendMode = 'avg'
7.7962 	EXP 	window1: blendMode = 'avg'
7.8129 	EXP 	window1: blendMode = 'avg'
7.8297 	EXP 	window1: blendMode = 'avg'
7.8463 	EXP 	window1: blendMode = 'avg'
7.8629 	EXP 	window1: blendMode = 'avg'
7.8795 	EXP 	window1: blendMode = 'avg'
7.8962 	EXP 	window1: blendMode = 'avg'
7.9129 	EXP 	window1: blendMode = 'avg'
7.9296 	EXP 	window1: blendMode = 'avg'
7.9463 	EXP 	window1: blendMode = 'avg'
7.9631 	EXP 	window1: blendMode = 'avg'
7.9796 	EXP 	window1: blendMode = 'avg'
7.9963 	EXP 	window1: blendMode = 'avg'
8.0129 	EXP 	window1: blendMode = 'avg'
8.0296 	EXP 	window1: blendMode = 'avg'
8.0463 	EXP 	window1: blendMode = 'avg'
8.0629 	DATA 	Keypress: space
8.0632 	EXP 	New trial (rep=0, index=2): {'number_two': 1, 'number_one': 23}
8.0699 	EXP 	window1: blendMode = 'avg'
8.0794 	EXP 	text_2: autoDraw = False
8.0794 	EXP 	text_2: text = '23+1=24'
8.0794 	EXP 	text_2: autoDraw = True
8.0797 	EXP 	window1: blendMode = 'avg'
8.0963 	EXP 	window1: blendMode = 'avg'
8.1129 	EXP 	window1: blendMode = 'avg'
8.1302 	EXP 	window1: blendMode = 'avg'
8.1463 	EXP 	window1: blendMode = 'avg'
8.1629 	EXP 	window1: blendMode = 'avg'
8.1798 	EXP 	window1: blendMode = 'avg'
8.1963 	EXP 	window1: blendMode = 'avg'
8.2129 	EXP 	window1: blendMode = 'avg'
8.2296 	EXP 	window1: blendMode = 'avg'
8.2463 	EXP 	window1: blendMode = 'avg'
8.2630 	EXP 	window1: blendMode = 'avg'
8.2796 	EXP 	window1: blendMode = 'avg'
8.2962 	EXP 	window1: blendMode = 'avg'
8.3130 	EXP 	window1: blendMode = 'avg'
8.3296 	EXP 	window1: blendMode = 'avg'
8.3463 	EXP 	window1: blendMode = 'avg'
8.3630 	EXP 	window1: blendMode = 'avg'
8.3796 	EXP 	window1: blendMode = 'avg'
8.3962 	EXP 	window1: blendMode = 'avg'
8.4130 	EXP 	window1: blendMode = 'avg'
8.4296 	EXP 	window1: blendMode = 'avg'
8.4463 	EXP 	window1: blendMode = 'avg'
8.4629 	EXP 	window1: blendMode = 'avg'
8.4796 	EXP 	window1: blendMode = 'avg'
8.4962 	DATA 	Keypress: space
8.4966 	EXP 	New trial (rep=0, index=3): {'number_two': 6, 'number_one': 4}
8.5019 	EXP 	window1: blendMode = 'avg'
8.5127 	EXP 	text_2: autoDraw = False
8.5127 	EXP 	text_2: text = '4+6=10'
8.5127 	EXP 	text_2: autoDraw = True
8.5130 	EXP 	window1: blendMode = 'avg'
8.5296 	EXP 	window1: blendMode = 'avg'
8.5463 	EXP 	window1: blendMode = 'avg'
8.5630 	EXP 	window1: blendMode = 'avg'
8.5796 	EXP 	window1: blendMode = 'avg'
8.5963 	EXP 	window1: blendMode = 'avg'
8.6129 	EXP 	window1: blendMode = 'avg'
8.6296 	EXP 	window1: blendMode = 'avg'
8.6463 	EXP 	window1: blendMode = 'avg'
8.6629 	EXP 	window1: blendMode = 'avg'
8.6796 	EXP 	window1: blendMode = 'avg'
8.6962 	EXP 	window1: blendMode = 'avg'
8.7130 	EXP 	window1: blendMode = 'avg'
8.7296 	EXP 	window1: blendMode = 'avg'
8.7463 	EXP 	window1: blendMode = 'avg'
8.7629 	EXP 	window1: blendMode = 'avg'
8.7796 	EXP 	window1: blendMode = 'avg'
8.7963 	EXP 	window1: blendMode = 'avg'
8.8129 	DATA 	Keypress: space
8.8132 	EXP 	New trial (rep=0, index=4): {'number_two': 2, 'number_one': 2}
8.8181 	EXP 	window1: blendMode = 'avg'
8.8294 	EXP 	text_2: autoDraw = False
8.8294 	EXP 	text_2: text = '2+2=4'
8.8294 	EXP 	text_2: autoDraw = True
8.8297 	EXP 	window1: blendMode = 'avg'
8.8463 	EXP 	window1: blendMode = 'avg'
8.8630 	EXP 	window1: blendMode = 'avg'
8.8797 	EXP 	window1: blendMode = 'avg'
8.8963 	EXP 	window1: blendMode = 'avg'
8.9130 	EXP 	window1: blendMode = 'avg'
8.9296 	EXP 	window1: blendMode = 'avg'
8.9462 	EXP 	window1: blendMode = 'avg'
8.9629 	EXP 	window1: blendMode = 'avg'
8.9796 	EXP 	window1: blendMode = 'avg'
8.9963 	EXP 	window1: blendMode = 'avg'
9.0129 	DATA 	Keypress: space
9.0132 	EXP 	New trial (rep=0, index=5): {'number_two': 3, 'number_one': 46}
9.0201 	EXP 	window1: blendMode = 'avg'
9.0294 	EXP 	text_2: autoDraw = False
9.0294 	EXP 	text_2: text = '46+3=49'
9.0294 	EXP 	text_2: autoDraw = True
9.0296 	EXP 	window1: blendMode = 'avg'
9.0463 	EXP 	window1: blendMode = 'avg'
9.0629 	EXP 	window1: blendMode = 'avg'
9.0796 	EXP 	window1: blendMode = 'avg'
9.0964 	EXP 	window1: blendMode = 'avg'
9.1130 	EXP 	window1: blendMode = 'avg'
9.1296 	EXP 	window1: blendMode = 'avg'
9.1463 	EXP 	window1: blendMode = 'avg'
9.1629 	EXP 	window1: blendMode = 'avg'
9.1796 	EXP 	window1: blendMode = 'avg'
9.1963 	EXP 	window1: blendMode = 'avg'
9.2129 	DATA 	Keypress: space
9.2133 	EXP 	window1: blendMode = 'avg'
9.2294 	EXP 	text_2: autoDraw = False
9.2294 	EXP 	text: autoDraw = True
9.2297 	EXP 	window1: blendMode = 'avg'
9.2463 	EXP 	window1: blendMode = 'avg'
9.2630 	EXP 	window1: blendMode = 'avg'
9.2797 	EXP 	window1: blendMode = 'avg'
9.2963 	EXP 	window1: blendMode = 'avg'
9.3130 	EXP 	window1: blendMode = 'avg'
9.3297 	EXP 	window1: blendMode = 'avg'
9.3464 	EXP 	window1: blendMode = 'avg'
9.3629 	EXP 	window1: blendMode = 'avg'
9.3796 	EXP 	window1: blendMode = 'avg'
9.3963 	EXP 	window1: blendMode = 'avg'
9.3965 	DATA 	Keypress: space
9.4129 	EXP 	window1: blendMode = 'avg'
9.4296 	EXP 	window1: blendMode = 'avg'
9.4463 	EXP 	window1: blendMode = 'avg'
9.4630 	EXP 	window1: blendMode = 'avg'
9.4800 	EXP 	window1: blendMode = 'avg'
9.4966 	EXP 	window1: blendMode = 'avg'
9.5166 	EXP 	window1: blendMode = 'avg'
9.5300 	EXP 	window1: blendMode = 'avg'
9.5463 	EXP 	window1: blendMode = 'avg'
9.5631 	EXP 	window1: blendMode = 'avg'
9.5796 	DATA 	Keypress: space
9.5798 	EXP 	window1: blendMode = 'avg'
9.5963 	EXP 	window1: blendMode = 'avg'
9.6130 	EXP 	window1: blendMode = 'avg'
9.6298 	EXP 	window1: blendMode = 'avg'
9.6463 	EXP 	window1: blendMode = 'avg'
9.6630 	EXP 	window1: blendMode = 'avg'
9.6797 	EXP 	window1: blendMode = 'avg'
9.6963 	EXP 	window1: blendMode = 'avg'
9.7129 	EXP 	window1: blendMode = 'avg'
9.7296 	EXP 	window1: blendMode = 'avg'
9.7463 	EXP 	window1: blendMode = 'avg'
9.7630 	EXP 	window1: blendMode = 'avg'
9.7796 	EXP 	window1: blendMode = 'avg'
9.7964 	EXP 	window1: blendMode = 'avg'
9.8130 	EXP 	window1: blendMode = 'avg'
9.8297 	EXP 	window1: blendMode = 'avg'
9.8464 	EXP 	window1: blendMode = 'avg'
9.8630 	EXP 	window1: blendMode = 'avg'
9.8797 	EXP 	window1: blendMode = 'avg'
9.8963 	EXP 	window1: blendMode = 'avg'
9.9130 	EXP 	window1: blendMode = 'avg'
9.9296 	EXP 	window1: blendMode = 'avg'
9.9464 	EXP 	window1: blendMode = 'avg'
9.9630 	EXP 	window1: blendMode = 'avg'
9.9797 	EXP 	window1: blendMode = 'avg'
9.9963 	EXP 	window1: blendMode = 'avg'
10.0130 	EXP 	window1: blendMode = 'avg'
10.0296 	EXP 	window1: blendMode = 'avg'
10.0463 	EXP 	window1: blendMode = 'avg'
10.0630 	EXP 	window1: blendMode = 'avg'
10.0796 	EXP 	window1: blendMode = 'avg'
10.0963 	EXP 	window1: blendMode = 'avg'
10.1129 	EXP 	window1: blendMode = 'avg'
10.1296 	EXP 	window1: blendMode = 'avg'
10.1464 	EXP 	window1: blendMode = 'avg'
10.1630 	EXP 	window1: blendMode = 'avg'
10.1796 	EXP 	window1: blendMode = 'avg'
10.1963 	EXP 	window1: blendMode = 'avg'
10.2130 	EXP 	window1: blendMode = 'avg'
10.2296 	EXP 	window1: blendMode = 'avg'
10.2463 	EXP 	window1: blendMode = 'avg'
10.2629 	EXP 	window1: blendMode = 'avg'
10.2796 	EXP 	window1: blendMode = 'avg'
10.2962 	EXP 	window1: blendMode = 'avg'
10.3130 	EXP 	window1: blendMode = 'avg'
10.3296 	EXP 	window1: blendMode = 'avg'
10.3463 	EXP 	window1: blendMode = 'avg'
10.3630 	EXP 	window1: blendMode = 'avg'
10.3796 	EXP 	window1: blendMode = 'avg'
10.3962 	EXP 	window1: blendMode = 'avg'
10.4129 	EXP 	window1: blendMode = 'avg'
10.4297 	EXP 	window1: blendMode = 'avg'
10.4464 	EXP 	window1: blendMode = 'avg'
10.4631 	EXP 	window1: blendMode = 'avg'
10.4799 	EXP 	window1: blendMode = 'avg'
10.4965 	EXP 	window1: blendMode = 'avg'
10.5132 	EXP 	window1: blendMode = 'avg'
10.5298 	EXP 	window1: blendMode = 'avg'
10.5465 	EXP 	window1: blendMode = 'avg'
10.5632 	EXP 	window1: blendMode = 'avg'
10.5798 	EXP 	window1: blendMode = 'avg'
10.5965 	EXP 	window1: blendMode = 'avg'
10.6132 	EXP 	window1: blendMode = 'avg'
10.6298 	EXP 	window1: blendMode = 'avg'
10.6465 	EXP 	window1: blendMode = 'avg'
10.6631 	EXP 	window1: blendMode = 'avg'
10.6797 	EXP 	window1: blendMode = 'avg'
10.6965 	EXP 	window1: blendMode = 'avg'
10.7131 	EXP 	window1: blendMode = 'avg'
10.7298 	EXP 	window1: blendMode = 'avg'
10.7465 	EXP 	window1: blendMode = 'avg'
10.7631 	EXP 	window1: blendMode = 'avg'
10.7798 	EXP 	window1: blendMode = 'avg'
10.7964 	EXP 	window1: blendMode = 'avg'
10.8129 	EXP 	window1: blendMode = 'avg'
10.8297 	EXP 	window1: blendMode = 'avg'
10.8463 	EXP 	window1: blendMode = 'avg'
10.8629 	EXP 	window1: blendMode = 'avg'
10.8797 	EXP 	window1: blendMode = 'avg'
10.8963 	EXP 	window1: blendMode = 'avg'
10.9130 	EXP 	window1: blendMode = 'avg'
10.9297 	EXP 	window1: blendMode = 'avg'
10.9463 	EXP 	window1: blendMode = 'avg'
10.9630 	EXP 	window1: blendMode = 'avg'
10.9797 	EXP 	window1: blendMode = 'avg'
10.9963 	EXP 	window1: blendMode = 'avg'
11.0130 	EXP 	window1: blendMode = 'avg'
11.0297 	EXP 	window1: blendMode = 'avg'
11.0463 	EXP 	window1: blendMode = 'avg'
11.0630 	EXP 	window1: blendMode = 'avg'
11.0796 	EXP 	window1: blendMode = 'avg'
11.0962 	EXP 	window1: blendMode = 'avg'
11.1130 	EXP 	window1: blendMode = 'avg'
11.1297 	EXP 	window1: blendMode = 'avg'
11.1465 	EXP 	window1: blendMode = 'avg'
11.1631 	EXP 	window1: blendMode = 'avg'
11.1797 	EXP 	window1: blendMode = 'avg'
11.1967 	EXP 	window1: blendMode = 'avg'
11.3335 	EXP 	window1: mouseVisible = True
