1.0985 	ERROR 	avbin.dll failed to load. Try importing psychopy.visual
  as the first library (before anything that uses scipy)
  and make sure that avbin is installed.
3.7598 	EXP 	Created window1 = Window(allowGUI=False, allowStencil=False, autoLog=True, bitsMode=UNKNOWN, blendMode='avg', color=array([ 0.,  0.,  0.]), colorSpace='rgb', fullscr=UNKNOWN, gamma=None, lms=UNKNOWN, monitor=<psychopy.monitors.calibTools.Monitor object at 0x158390F0>, multiSample=False, name='window1', numSamples=2, pos=[0, 0], screen=0, size=array([1600, 1200]), stereo=False, units=u'norm', useFBO=True, useRetina=False, viewOri=0.0, viewPos=None, viewScale=None, waitBlanking=True, winType='pyglet')
3.7599 	EXP 	window1: recordFrameIntervals = False
3.9261 	EXP 	window1: recordFrameIntervals = True
4.1094 	EXP 	window1: recordFrameIntervals = False
4.2715 	EXP 	Created text = TextStim(alignHoriz='center', alignVert='center', antialias=True, autoLog=True, bold=False, color='DarkBlue', colorSpace='named', contrast=1.0, depth=-1.0, flipHoriz=False, flipVert=False, font='Arial', fontFiles=[], height=0.05, italic=False, name='text', opacity=1.0, ori=0, pos=array([ 0.,  0.]), rgb=array([   0.,    0.,  139.]), text=unicode(...), units=u'norm', win=Window(...), wrapWidth=1)
4.2947 	EXP 	Created text_3 = TextStim(alignHoriz='center', alignVert='center', antialias=True, autoLog=True, bold=False, color='white', colorSpace='named', contrast=1.0, depth=0.0, flipHoriz=False, flipVert=False, font='Arial', fontFiles=[], height=0.2, italic=False, name='text_3', opacity=1.0, ori=0, pos=array([ 0.,  0.]), rgb=array([ 255.,  255.,  255.]), text=u'default text', units=u'norm', win=Window(...), wrapWidth=1)
4.3123 	EXP 	Created text_2 = TextStim(alignHoriz='center', alignVert='center', antialias=True, autoLog=True, bold=False, color='white', colorSpace='named', contrast=1.0, depth=0.0, flipHoriz=False, flipVert=False, font='Arial', fontFiles=[], height=0.1, italic=False, name='text_2', opacity=1.0, ori=0, pos=array([ 0.,  0.]), rgb=array([ 255.,  255.,  255.]), text=u'End of experiment', units=u'norm', win=Window(...), wrapWidth=1)
4.3132 	EXP 	window1: blendMode = 'avg'
4.3259 	EXP 	text: autoDraw = True
4.3262 	EXP 	window1: blendMode = 'avg'
4.3429 	EXP 	window1: blendMode = 'avg'
4.3597 	EXP 	window1: blendMode = 'avg'
4.3762 	EXP 	window1: blendMode = 'avg'
4.3929 	EXP 	window1: blendMode = 'avg'
4.4095 	EXP 	window1: blendMode = 'avg'
4.4262 	EXP 	window1: blendMode = 'avg'
4.4428 	EXP 	window1: blendMode = 'avg'
4.4596 	EXP 	window1: blendMode = 'avg'
4.4762 	EXP 	window1: blendMode = 'avg'
4.4929 	EXP 	window1: blendMode = 'avg'
4.5096 	EXP 	window1: blendMode = 'avg'
4.5262 	EXP 	window1: blendMode = 'avg'
4.5429 	EXP 	window1: blendMode = 'avg'
4.5595 	EXP 	window1: blendMode = 'avg'
4.5762 	EXP 	window1: blendMode = 'avg'
4.5929 	EXP 	window1: blendMode = 'avg'
4.6096 	EXP 	window1: blendMode = 'avg'
4.6262 	EXP 	window1: blendMode = 'avg'
4.6429 	EXP 	window1: blendMode = 'avg'
4.6597 	EXP 	window1: blendMode = 'avg'
4.6762 	EXP 	window1: blendMode = 'avg'
4.6929 	EXP 	window1: blendMode = 'avg'
4.7095 	EXP 	window1: blendMode = 'avg'
4.7262 	EXP 	window1: blendMode = 'avg'
4.7430 	EXP 	window1: blendMode = 'avg'
4.7596 	EXP 	window1: blendMode = 'avg'
4.7762 	EXP 	window1: blendMode = 'avg'
4.7928 	EXP 	window1: blendMode = 'avg'
4.8095 	EXP 	window1: blendMode = 'avg'
4.8262 	EXP 	window1: blendMode = 'avg'
4.8429 	EXP 	window1: blendMode = 'avg'
4.8597 	EXP 	window1: blendMode = 'avg'
4.8765 	EXP 	window1: blendMode = 'avg'
4.8931 	EXP 	window1: blendMode = 'avg'
4.9098 	EXP 	window1: blendMode = 'avg'
4.9262 	EXP 	window1: blendMode = 'avg'
4.9429 	EXP 	window1: blendMode = 'avg'
4.9596 	EXP 	window1: blendMode = 'avg'
4.9764 	EXP 	window1: blendMode = 'avg'
4.9929 	EXP 	window1: blendMode = 'avg'
5.0096 	EXP 	window1: blendMode = 'avg'
5.0262 	EXP 	window1: blendMode = 'avg'
5.0429 	EXP 	window1: blendMode = 'avg'
5.0595 	EXP 	window1: blendMode = 'avg'
5.0762 	EXP 	window1: blendMode = 'avg'
5.0929 	EXP 	window1: blendMode = 'avg'
5.1095 	EXP 	window1: blendMode = 'avg'
5.1262 	EXP 	window1: blendMode = 'avg'
5.1429 	EXP 	window1: blendMode = 'avg'
5.1595 	EXP 	window1: blendMode = 'avg'
5.1762 	EXP 	window1: blendMode = 'avg'
5.1929 	EXP 	window1: blendMode = 'avg'
5.2095 	EXP 	window1: blendMode = 'avg'
5.2262 	EXP 	window1: blendMode = 'avg'
5.2429 	EXP 	window1: blendMode = 'avg'
5.2595 	EXP 	window1: blendMode = 'avg'
5.2762 	EXP 	window1: blendMode = 'avg'
5.2929 	EXP 	window1: blendMode = 'avg'
5.3096 	EXP 	window1: blendMode = 'avg'
5.3262 	EXP 	window1: blendMode = 'avg'
5.3428 	EXP 	window1: blendMode = 'avg'
5.3596 	EXP 	window1: blendMode = 'avg'
5.3763 	EXP 	window1: blendMode = 'avg'
5.3929 	EXP 	window1: blendMode = 'avg'
5.4096 	EXP 	window1: blendMode = 'avg'
5.4262 	EXP 	window1: blendMode = 'avg'
5.4429 	EXP 	window1: blendMode = 'avg'
5.4596 	EXP 	window1: blendMode = 'avg'
5.4762 	EXP 	window1: blendMode = 'avg'
5.4929 	EXP 	window1: blendMode = 'avg'
5.5095 	EXP 	window1: blendMode = 'avg'
5.5262 	EXP 	window1: blendMode = 'avg'
5.5429 	EXP 	window1: blendMode = 'avg'
5.5595 	EXP 	window1: blendMode = 'avg'
5.5762 	EXP 	window1: blendMode = 'avg'
5.5929 	EXP 	window1: blendMode = 'avg'
5.6095 	EXP 	window1: blendMode = 'avg'
5.6262 	EXP 	window1: blendMode = 'avg'
5.6429 	EXP 	window1: blendMode = 'avg'
5.6598 	EXP 	window1: blendMode = 'avg'
5.6763 	EXP 	window1: blendMode = 'avg'
5.6929 	EXP 	window1: blendMode = 'avg'
5.7097 	EXP 	window1: blendMode = 'avg'
5.7262 	EXP 	window1: blendMode = 'avg'
5.7429 	EXP 	window1: blendMode = 'avg'
5.7595 	EXP 	window1: blendMode = 'avg'
5.7762 	EXP 	window1: blendMode = 'avg'
5.7929 	EXP 	window1: blendMode = 'avg'
5.8095 	EXP 	window1: blendMode = 'avg'
5.8262 	EXP 	window1: blendMode = 'avg'
5.8428 	EXP 	window1: blendMode = 'avg'
5.8596 	EXP 	window1: blendMode = 'avg'
5.8762 	EXP 	window1: blendMode = 'avg'
5.8929 	EXP 	window1: blendMode = 'avg'
5.9095 	EXP 	window1: blendMode = 'avg'
5.9262 	EXP 	window1: blendMode = 'avg'
5.9429 	EXP 	window1: blendMode = 'avg'
5.9595 	EXP 	window1: blendMode = 'avg'
5.9764 	EXP 	window1: blendMode = 'avg'
5.9929 	EXP 	window1: blendMode = 'avg'
6.0096 	EXP 	window1: blendMode = 'avg'
6.0262 	EXP 	window1: blendMode = 'avg'
6.0429 	EXP 	window1: blendMode = 'avg'
6.0595 	EXP 	window1: blendMode = 'avg'
6.0762 	EXP 	window1: blendMode = 'avg'
6.0929 	EXP 	window1: blendMode = 'avg'
6.1096 	EXP 	window1: blendMode = 'avg'
6.1262 	EXP 	window1: blendMode = 'avg'
6.1429 	EXP 	window1: blendMode = 'avg'
6.1595 	EXP 	window1: blendMode = 'avg'
6.1762 	EXP 	window1: blendMode = 'avg'
6.1929 	EXP 	window1: blendMode = 'avg'
6.2096 	EXP 	window1: blendMode = 'avg'
6.2262 	EXP 	window1: blendMode = 'avg'
6.2429 	EXP 	window1: blendMode = 'avg'
6.2595 	EXP 	window1: blendMode = 'avg'
6.2762 	EXP 	window1: blendMode = 'avg'
6.2929 	EXP 	window1: blendMode = 'avg'
6.3095 	EXP 	window1: blendMode = 'avg'
6.3262 	EXP 	window1: blendMode = 'avg'
6.3428 	EXP 	window1: blendMode = 'avg'
6.3596 	EXP 	window1: blendMode = 'avg'
6.3762 	EXP 	window1: blendMode = 'avg'
6.3929 	EXP 	window1: blendMode = 'avg'
6.4096 	EXP 	window1: blendMode = 'avg'
6.4262 	EXP 	window1: blendMode = 'avg'
6.4429 	EXP 	window1: blendMode = 'avg'
6.4595 	EXP 	window1: blendMode = 'avg'
6.4762 	EXP 	window1: blendMode = 'avg'
6.4929 	EXP 	window1: blendMode = 'avg'
6.5095 	EXP 	window1: blendMode = 'avg'
6.5262 	EXP 	window1: blendMode = 'avg'
6.5429 	EXP 	window1: blendMode = 'avg'
6.5595 	EXP 	window1: blendMode = 'avg'
6.5762 	EXP 	window1: blendMode = 'avg'
6.5929 	EXP 	window1: blendMode = 'avg'
6.6095 	EXP 	window1: blendMode = 'avg'
6.6262 	EXP 	window1: blendMode = 'avg'
6.6429 	EXP 	window1: blendMode = 'avg'
6.6597 	EXP 	window1: blendMode = 'avg'
6.6762 	EXP 	window1: blendMode = 'avg'
6.6929 	EXP 	window1: blendMode = 'avg'
6.7096 	EXP 	window1: blendMode = 'avg'
6.7262 	EXP 	window1: blendMode = 'avg'
6.7428 	EXP 	window1: blendMode = 'avg'
6.7595 	EXP 	window1: blendMode = 'avg'
6.7762 	EXP 	window1: blendMode = 'avg'
6.7928 	EXP 	window1: blendMode = 'avg'
6.8095 	EXP 	window1: blendMode = 'avg'
6.8262 	EXP 	window1: blendMode = 'avg'
6.8429 	EXP 	window1: blendMode = 'avg'
6.8595 	EXP 	window1: blendMode = 'avg'
6.8763 	EXP 	window1: blendMode = 'avg'
6.8930 	EXP 	window1: blendMode = 'avg'
6.9095 	EXP 	window1: blendMode = 'avg'
6.9263 	EXP 	window1: blendMode = 'avg'
6.9429 	EXP 	window1: blendMode = 'avg'
6.9595 	EXP 	window1: blendMode = 'avg'
6.9762 	EXP 	window1: blendMode = 'avg'
6.9929 	EXP 	window1: blendMode = 'avg'
7.0096 	EXP 	window1: blendMode = 'avg'
7.0262 	EXP 	window1: blendMode = 'avg'
7.0429 	EXP 	window1: blendMode = 'avg'
7.0596 	EXP 	window1: blendMode = 'avg'
7.0762 	EXP 	window1: blendMode = 'avg'
7.0929 	EXP 	window1: blendMode = 'avg'
7.1096 	EXP 	window1: blendMode = 'avg'
7.1262 	EXP 	window1: blendMode = 'avg'
7.1429 	EXP 	window1: blendMode = 'avg'
7.1595 	EXP 	window1: blendMode = 'avg'
7.1762 	EXP 	window1: blendMode = 'avg'
7.1929 	EXP 	window1: blendMode = 'avg'
7.2095 	EXP 	window1: blendMode = 'avg'
7.2262 	EXP 	window1: blendMode = 'avg'
7.2429 	EXP 	window1: blendMode = 'avg'
7.2595 	EXP 	window1: blendMode = 'avg'
7.2762 	EXP 	window1: blendMode = 'avg'
7.2929 	EXP 	window1: blendMode = 'avg'
7.3096 	EXP 	window1: blendMode = 'avg'
7.3262 	EXP 	window1: blendMode = 'avg'
7.3429 	EXP 	window1: blendMode = 'avg'
7.3596 	EXP 	window1: blendMode = 'avg'
7.3762 	EXP 	window1: blendMode = 'avg'
7.3929 	EXP 	window1: blendMode = 'avg'
7.4096 	EXP 	window1: blendMode = 'avg'
7.4262 	EXP 	window1: blendMode = 'avg'
7.4429 	EXP 	window1: blendMode = 'avg'
7.4595 	EXP 	window1: blendMode = 'avg'
7.4762 	EXP 	window1: blendMode = 'avg'
7.4929 	EXP 	window1: blendMode = 'avg'
7.5096 	EXP 	window1: blendMode = 'avg'
7.5262 	EXP 	window1: blendMode = 'avg'
7.5429 	EXP 	window1: blendMode = 'avg'
7.5596 	EXP 	window1: blendMode = 'avg'
7.5763 	EXP 	window1: blendMode = 'avg'
7.5929 	EXP 	window1: blendMode = 'avg'
7.6095 	EXP 	window1: blendMode = 'avg'
7.6262 	EXP 	window1: blendMode = 'avg'
7.6429 	EXP 	window1: blendMode = 'avg'
7.6597 	EXP 	window1: blendMode = 'avg'
7.6762 	EXP 	window1: blendMode = 'avg'
7.6928 	EXP 	window1: blendMode = 'avg'
7.7096 	EXP 	window1: blendMode = 'avg'
7.7262 	EXP 	window1: blendMode = 'avg'
7.7429 	EXP 	window1: blendMode = 'avg'
7.7595 	EXP 	window1: blendMode = 'avg'
7.7762 	EXP 	window1: blendMode = 'avg'
7.7929 	EXP 	window1: blendMode = 'avg'
7.8095 	EXP 	window1: blendMode = 'avg'
7.8262 	EXP 	window1: blendMode = 'avg'
7.8429 	EXP 	window1: blendMode = 'avg'
7.8596 	EXP 	window1: blendMode = 'avg'
7.8762 	EXP 	window1: blendMode = 'avg'
7.8929 	EXP 	window1: blendMode = 'avg'
7.9096 	EXP 	window1: blendMode = 'avg'
7.9262 	EXP 	window1: blendMode = 'avg'
7.9429 	EXP 	window1: blendMode = 'avg'
7.9595 	EXP 	window1: blendMode = 'avg'
7.9762 	EXP 	window1: blendMode = 'avg'
7.9929 	EXP 	window1: blendMode = 'avg'
8.0096 	EXP 	window1: blendMode = 'avg'
8.0262 	EXP 	window1: blendMode = 'avg'
8.0429 	EXP 	window1: blendMode = 'avg'
8.0596 	EXP 	window1: blendMode = 'avg'
8.0763 	EXP 	window1: blendMode = 'avg'
8.0929 	EXP 	window1: blendMode = 'avg'
8.1096 	EXP 	window1: blendMode = 'avg'
8.1262 	EXP 	window1: blendMode = 'avg'
8.1429 	EXP 	window1: blendMode = 'avg'
8.1595 	EXP 	window1: blendMode = 'avg'
8.1762 	EXP 	window1: blendMode = 'avg'
8.1929 	EXP 	window1: blendMode = 'avg'
8.2095 	EXP 	window1: blendMode = 'avg'
8.2262 	EXP 	window1: blendMode = 'avg'
8.2429 	EXP 	window1: blendMode = 'avg'
8.2596 	EXP 	window1: blendMode = 'avg'
8.2762 	EXP 	window1: blendMode = 'avg'
8.2929 	EXP 	window1: blendMode = 'avg'
8.3096 	EXP 	window1: blendMode = 'avg'
8.3262 	EXP 	window1: blendMode = 'avg'
8.3431 	EXP 	window1: blendMode = 'avg'
8.3598 	EXP 	window1: blendMode = 'avg'
8.3762 	EXP 	window1: blendMode = 'avg'
8.3929 	EXP 	window1: blendMode = 'avg'
8.4100 	EXP 	window1: blendMode = 'avg'
8.4265 	EXP 	window1: blendMode = 'avg'
8.4431 	EXP 	window1: blendMode = 'avg'
8.4597 	EXP 	window1: blendMode = 'avg'
8.4765 	EXP 	window1: blendMode = 'avg'
8.4931 	EXP 	window1: blendMode = 'avg'
8.5098 	EXP 	window1: blendMode = 'avg'
8.5264 	EXP 	window1: blendMode = 'avg'
8.5430 	EXP 	window1: blendMode = 'avg'
8.5598 	EXP 	window1: blendMode = 'avg'
8.5763 	EXP 	window1: blendMode = 'avg'
8.5931 	EXP 	window1: blendMode = 'avg'
8.6098 	EXP 	window1: blendMode = 'avg'
8.6264 	EXP 	window1: blendMode = 'avg'
8.6430 	EXP 	window1: blendMode = 'avg'
8.6599 	EXP 	window1: blendMode = 'avg'
8.6763 	EXP 	window1: blendMode = 'avg'
8.6930 	EXP 	window1: blendMode = 'avg'
8.7096 	EXP 	window1: blendMode = 'avg'
8.7262 	EXP 	window1: blendMode = 'avg'
8.7429 	EXP 	window1: blendMode = 'avg'
8.7596 	EXP 	window1: blendMode = 'avg'
8.7762 	EXP 	window1: blendMode = 'avg'
8.7929 	EXP 	window1: blendMode = 'avg'
8.8096 	EXP 	window1: blendMode = 'avg'
8.8262 	EXP 	window1: blendMode = 'avg'
8.8429 	EXP 	window1: blendMode = 'avg'
8.8596 	EXP 	window1: blendMode = 'avg'
8.8762 	EXP 	window1: blendMode = 'avg'
8.8929 	EXP 	window1: blendMode = 'avg'
8.9095 	EXP 	window1: blendMode = 'avg'
8.9262 	EXP 	window1: blendMode = 'avg'
8.9429 	EXP 	window1: blendMode = 'avg'
8.9596 	EXP 	window1: blendMode = 'avg'
8.9763 	EXP 	window1: blendMode = 'avg'
8.9929 	EXP 	window1: blendMode = 'avg'
9.0095 	EXP 	window1: blendMode = 'avg'
9.0264 	EXP 	window1: blendMode = 'avg'
9.0429 	EXP 	window1: blendMode = 'avg'
9.0596 	EXP 	window1: blendMode = 'avg'
9.0763 	EXP 	window1: blendMode = 'avg'
9.0930 	EXP 	window1: blendMode = 'avg'
9.1096 	EXP 	window1: blendMode = 'avg'
9.1262 	EXP 	window1: blendMode = 'avg'
9.1429 	EXP 	window1: blendMode = 'avg'
9.1595 	EXP 	window1: blendMode = 'avg'
9.1762 	EXP 	window1: blendMode = 'avg'
9.1929 	EXP 	window1: blendMode = 'avg'
9.2096 	EXP 	window1: blendMode = 'avg'
9.2262 	EXP 	window1: blendMode = 'avg'
9.2429 	EXP 	window1: blendMode = 'avg'
9.2596 	EXP 	window1: blendMode = 'avg'
9.2762 	EXP 	window1: blendMode = 'avg'
9.2929 	EXP 	window1: blendMode = 'avg'
9.3096 	EXP 	window1: blendMode = 'avg'
9.3262 	EXP 	window1: blendMode = 'avg'
9.3429 	EXP 	window1: blendMode = 'avg'
9.3596 	EXP 	window1: blendMode = 'avg'
9.3762 	EXP 	window1: blendMode = 'avg'
9.3929 	EXP 	window1: blendMode = 'avg'
9.4096 	EXP 	window1: blendMode = 'avg'
9.4262 	EXP 	window1: blendMode = 'avg'
9.4429 	EXP 	window1: blendMode = 'avg'
9.4596 	EXP 	window1: blendMode = 'avg'
9.4763 	EXP 	window1: blendMode = 'avg'
9.4929 	EXP 	window1: blendMode = 'avg'
9.5095 	EXP 	window1: blendMode = 'avg'
9.5262 	EXP 	window1: blendMode = 'avg'
9.5429 	EXP 	window1: blendMode = 'avg'
9.5596 	EXP 	window1: blendMode = 'avg'
9.5763 	EXP 	window1: blendMode = 'avg'
9.5929 	EXP 	window1: blendMode = 'avg'
9.6096 	EXP 	window1: blendMode = 'avg'
9.6262 	EXP 	window1: blendMode = 'avg'
9.6430 	EXP 	window1: blendMode = 'avg'
9.6598 	EXP 	window1: blendMode = 'avg'
9.6763 	DATA 	Keypress: space
9.6767 	EXP 	Created sequence: sequential, trialTypes=1, nReps=5, seed=None
9.6770 	EXP 	New trial (rep=0, index=0): None
9.6879 	EXP 	window1: blendMode = 'avg'
9.6927 	EXP 	text: autoDraw = False
9.6927 	EXP 	text_3: text = 'July'
9.6927 	EXP 	text_3: autoDraw = True
9.6929 	EXP 	window1: blendMode = 'avg'
9.7096 	EXP 	window1: blendMode = 'avg'
9.7262 	EXP 	window1: blendMode = 'avg'
9.7429 	EXP 	window1: blendMode = 'avg'
9.7597 	EXP 	window1: blendMode = 'avg'
9.7762 	EXP 	window1: blendMode = 'avg'
9.7929 	EXP 	window1: blendMode = 'avg'
9.8096 	EXP 	window1: blendMode = 'avg'
9.8263 	EXP 	window1: blendMode = 'avg'
9.8429 	EXP 	window1: blendMode = 'avg'
9.8596 	EXP 	window1: blendMode = 'avg'
9.8763 	EXP 	window1: blendMode = 'avg'
9.8930 	EXP 	window1: blendMode = 'avg'
9.9096 	EXP 	window1: blendMode = 'avg'
9.9263 	EXP 	window1: blendMode = 'avg'
9.9429 	EXP 	window1: blendMode = 'avg'
9.9596 	EXP 	window1: blendMode = 'avg'
9.9762 	EXP 	window1: blendMode = 'avg'
9.9929 	EXP 	window1: blendMode = 'avg'
10.0096 	EXP 	window1: blendMode = 'avg'
10.0263 	EXP 	window1: blendMode = 'avg'
10.0429 	EXP 	window1: blendMode = 'avg'
10.0596 	EXP 	window1: blendMode = 'avg'
10.0763 	EXP 	window1: blendMode = 'avg'
10.0930 	EXP 	window1: blendMode = 'avg'
10.1096 	EXP 	window1: blendMode = 'avg'
10.1262 	EXP 	window1: blendMode = 'avg'
10.1429 	EXP 	window1: blendMode = 'avg'
10.1595 	EXP 	window1: blendMode = 'avg'
10.1763 	EXP 	window1: blendMode = 'avg'
10.1929 	EXP 	window1: blendMode = 'avg'
10.2096 	EXP 	window1: blendMode = 'avg'
10.2263 	EXP 	window1: blendMode = 'avg'
10.2429 	EXP 	window1: blendMode = 'avg'
10.2596 	EXP 	window1: blendMode = 'avg'
10.2763 	EXP 	window1: blendMode = 'avg'
10.2929 	EXP 	window1: blendMode = 'avg'
10.3096 	EXP 	window1: blendMode = 'avg'
10.3263 	EXP 	window1: blendMode = 'avg'
10.3429 	EXP 	window1: blendMode = 'avg'
10.3596 	EXP 	window1: blendMode = 'avg'
10.3763 	EXP 	window1: blendMode = 'avg'
10.3930 	EXP 	window1: blendMode = 'avg'
10.4096 	EXP 	window1: blendMode = 'avg'
10.4263 	EXP 	window1: blendMode = 'avg'
10.4430 	EXP 	window1: blendMode = 'avg'
10.4596 	EXP 	window1: blendMode = 'avg'
10.4763 	EXP 	window1: blendMode = 'avg'
10.4929 	EXP 	window1: blendMode = 'avg'
10.5096 	EXP 	window1: blendMode = 'avg'
10.5263 	EXP 	window1: blendMode = 'avg'
10.5430 	EXP 	window1: blendMode = 'avg'
10.5596 	EXP 	window1: blendMode = 'avg'
10.5763 	EXP 	window1: blendMode = 'avg'
10.5930 	EXP 	window1: blendMode = 'avg'
10.6096 	EXP 	window1: blendMode = 'avg'
10.6263 	EXP 	window1: blendMode = 'avg'
10.6429 	EXP 	window1: blendMode = 'avg'
10.6598 	EXP 	window1: blendMode = 'avg'
10.6762 	EXP 	window1: blendMode = 'avg'
10.6929 	EXP 	window1: blendMode = 'avg'
10.7096 	EXP 	window1: blendMode = 'avg'
10.7263 	EXP 	window1: blendMode = 'avg'
10.7429 	EXP 	window1: blendMode = 'avg'
10.7596 	EXP 	window1: blendMode = 'avg'
10.7763 	EXP 	window1: blendMode = 'avg'
10.7930 	EXP 	window1: blendMode = 'avg'
10.8096 	EXP 	window1: blendMode = 'avg'
10.8262 	DATA 	Keypress: space
10.8265 	EXP 	New trial (rep=1, index=0): None
10.8415 	EXP 	window1: blendMode = 'avg'
10.8427 	EXP 	text_3: autoDraw = False
10.8427 	EXP 	text_3: text = 'September'
10.8427 	EXP 	text_3: autoDraw = True
10.8430 	EXP 	window1: blendMode = 'avg'
10.8596 	EXP 	window1: blendMode = 'avg'
10.8763 	EXP 	window1: blendMode = 'avg'
10.8930 	EXP 	window1: blendMode = 'avg'
10.9097 	EXP 	window1: blendMode = 'avg'
10.9265 	EXP 	window1: blendMode = 'avg'
10.9431 	EXP 	window1: blendMode = 'avg'
10.9597 	EXP 	window1: blendMode = 'avg'
10.9764 	EXP 	window1: blendMode = 'avg'
10.9930 	EXP 	window1: blendMode = 'avg'
11.0097 	EXP 	window1: blendMode = 'avg'
11.0263 	EXP 	window1: blendMode = 'avg'
11.0430 	EXP 	window1: blendMode = 'avg'
11.0598 	EXP 	window1: blendMode = 'avg'
11.0764 	EXP 	window1: blendMode = 'avg'
11.0930 	EXP 	window1: blendMode = 'avg'
11.1098 	EXP 	window1: blendMode = 'avg'
11.1264 	EXP 	window1: blendMode = 'avg'
11.1430 	EXP 	window1: blendMode = 'avg'
11.1597 	EXP 	window1: blendMode = 'avg'
11.1764 	EXP 	window1: blendMode = 'avg'
11.1930 	EXP 	window1: blendMode = 'avg'
11.2097 	EXP 	window1: blendMode = 'avg'
11.2264 	EXP 	window1: blendMode = 'avg'
11.2430 	EXP 	window1: blendMode = 'avg'
11.2597 	EXP 	window1: blendMode = 'avg'
11.2763 	EXP 	window1: blendMode = 'avg'
11.2930 	EXP 	window1: blendMode = 'avg'
11.3097 	EXP 	window1: blendMode = 'avg'
11.3263 	EXP 	window1: blendMode = 'avg'
11.3430 	EXP 	window1: blendMode = 'avg'
11.3597 	EXP 	window1: blendMode = 'avg'
11.3762 	DATA 	Keypress: space
11.3766 	EXP 	New trial (rep=2, index=0): None
11.3818 	EXP 	window1: blendMode = 'avg'
11.3927 	EXP 	text_3: autoDraw = False
11.3927 	EXP 	text_3: text = 'July'
11.3927 	EXP 	text_3: autoDraw = True
11.3930 	EXP 	window1: blendMode = 'avg'
11.4096 	EXP 	window1: blendMode = 'avg'
11.4262 	EXP 	window1: blendMode = 'avg'
11.4430 	EXP 	window1: blendMode = 'avg'
11.4596 	EXP 	window1: blendMode = 'avg'
11.4763 	EXP 	window1: blendMode = 'avg'
11.4930 	EXP 	window1: blendMode = 'avg'
11.5096 	EXP 	window1: blendMode = 'avg'
11.5263 	EXP 	window1: blendMode = 'avg'
11.5430 	EXP 	window1: blendMode = 'avg'
11.5596 	EXP 	window1: blendMode = 'avg'
11.5763 	EXP 	window1: blendMode = 'avg'
11.5930 	EXP 	window1: blendMode = 'avg'
11.6096 	EXP 	window1: blendMode = 'avg'
11.6263 	EXP 	window1: blendMode = 'avg'
11.6429 	EXP 	window1: blendMode = 'avg'
11.6598 	EXP 	window1: blendMode = 'avg'
11.6763 	EXP 	window1: blendMode = 'avg'
11.6930 	EXP 	window1: blendMode = 'avg'
11.7096 	EXP 	window1: blendMode = 'avg'
11.7262 	DATA 	Keypress: space
11.7265 	EXP 	New trial (rep=3, index=0): None
11.7371 	EXP 	window1: blendMode = 'avg'
11.7427 	EXP 	text_3: autoDraw = False
11.7427 	EXP 	text_3: text = 'August'
11.7427 	EXP 	text_3: autoDraw = True
11.7430 	EXP 	window1: blendMode = 'avg'
11.7596 	EXP 	window1: blendMode = 'avg'
11.7763 	EXP 	window1: blendMode = 'avg'
11.7930 	EXP 	window1: blendMode = 'avg'
11.8096 	EXP 	window1: blendMode = 'avg'
11.8263 	EXP 	window1: blendMode = 'avg'
11.8430 	EXP 	window1: blendMode = 'avg'
11.8596 	EXP 	window1: blendMode = 'avg'
11.8763 	EXP 	window1: blendMode = 'avg'
11.8930 	EXP 	window1: blendMode = 'avg'
11.9096 	EXP 	window1: blendMode = 'avg'
11.9263 	EXP 	window1: blendMode = 'avg'
11.9428 	DATA 	Keypress: space
11.9432 	EXP 	New trial (rep=4, index=0): None
11.9603 	EXP 	window1: blendMode = 'avg'
11.9760 	EXP 	text_3: autoDraw = False
11.9760 	EXP 	text_3: text = 'October'
11.9760 	EXP 	text_3: autoDraw = True
11.9764 	EXP 	window1: blendMode = 'avg'
11.9930 	EXP 	window1: blendMode = 'avg'
12.0101 	EXP 	window1: blendMode = 'avg'
12.0263 	EXP 	window1: blendMode = 'avg'
12.0430 	EXP 	window1: blendMode = 'avg'
12.0596 	EXP 	window1: blendMode = 'avg'
12.0763 	EXP 	window1: blendMode = 'avg'
12.0930 	EXP 	window1: blendMode = 'avg'
12.1097 	EXP 	window1: blendMode = 'avg'
12.1264 	EXP 	window1: blendMode = 'avg'
12.1430 	EXP 	window1: blendMode = 'avg'
12.1595 	DATA 	Keypress: space
12.1600 	EXP 	window1: blendMode = 'avg'
12.1760 	EXP 	text_3: autoDraw = False
12.1760 	EXP 	text_2: autoDraw = True
12.1763 	EXP 	window1: blendMode = 'avg'
12.1929 	EXP 	window1: blendMode = 'avg'
12.2096 	EXP 	window1: blendMode = 'avg'
12.2264 	EXP 	window1: blendMode = 'avg'
12.2429 	EXP 	window1: blendMode = 'avg'
12.2596 	EXP 	window1: blendMode = 'avg'
12.2763 	EXP 	window1: blendMode = 'avg'
12.2929 	EXP 	window1: blendMode = 'avg'
12.3096 	EXP 	window1: blendMode = 'avg'
12.3263 	EXP 	window1: blendMode = 'avg'
12.3429 	EXP 	window1: blendMode = 'avg'
12.3596 	EXP 	window1: blendMode = 'avg'
12.3762 	DATA 	Keypress: space
12.3765 	EXP 	window1: blendMode = 'avg'
12.3929 	EXP 	window1: blendMode = 'avg'
12.4096 	EXP 	window1: blendMode = 'avg'
12.4263 	EXP 	window1: blendMode = 'avg'
12.4429 	EXP 	window1: blendMode = 'avg'
12.4596 	EXP 	window1: blendMode = 'avg'
12.4763 	EXP 	window1: blendMode = 'avg'
12.4929 	EXP 	window1: blendMode = 'avg'
12.5096 	EXP 	window1: blendMode = 'avg'
12.5263 	EXP 	window1: blendMode = 'avg'
12.5429 	EXP 	window1: blendMode = 'avg'
12.5596 	EXP 	window1: blendMode = 'avg'
12.5763 	EXP 	window1: blendMode = 'avg'
12.5929 	EXP 	window1: blendMode = 'avg'
12.6096 	EXP 	window1: blendMode = 'avg'
12.6263 	EXP 	window1: blendMode = 'avg'
12.6429 	EXP 	window1: blendMode = 'avg'
12.6597 	EXP 	window1: blendMode = 'avg'
12.6763 	EXP 	window1: blendMode = 'avg'
12.6930 	EXP 	window1: blendMode = 'avg'
12.7096 	EXP 	window1: blendMode = 'avg'
12.7263 	EXP 	window1: blendMode = 'avg'
12.7429 	EXP 	window1: blendMode = 'avg'
12.7596 	EXP 	window1: blendMode = 'avg'
12.7763 	EXP 	window1: blendMode = 'avg'
12.7929 	EXP 	window1: blendMode = 'avg'
12.8096 	EXP 	window1: blendMode = 'avg'
12.8263 	EXP 	window1: blendMode = 'avg'
12.8429 	EXP 	window1: blendMode = 'avg'
12.8596 	EXP 	window1: blendMode = 'avg'
12.8763 	EXP 	window1: blendMode = 'avg'
12.8929 	EXP 	window1: blendMode = 'avg'
12.9096 	EXP 	window1: blendMode = 'avg'
12.9263 	EXP 	window1: blendMode = 'avg'
12.9429 	EXP 	window1: blendMode = 'avg'
12.9596 	EXP 	window1: blendMode = 'avg'
12.9763 	EXP 	window1: blendMode = 'avg'
12.9930 	EXP 	window1: blendMode = 'avg'
13.0096 	EXP 	window1: blendMode = 'avg'
13.0263 	EXP 	window1: blendMode = 'avg'
13.0429 	EXP 	window1: blendMode = 'avg'
13.0596 	EXP 	window1: blendMode = 'avg'
13.0763 	EXP 	window1: blendMode = 'avg'
13.0930 	DATA 	Keypress: escape
